<?xml version="1.0" encoding="UTF-8"?>
<!-- Generated by org.testng.reporters.JUnitReportReporter -->
<testsuite hostname="Test-DoaaAH" failures="0" tests="1" name="AutomationTasks.NewTest" time="18.210" errors="0" timestamp="2020-09-12T14:41:03 EET" skipped="0">
  <testcase classname="AutomationTasks.NewTest" name="tesNgSearch" time="18.210"/>
  <system-out/>
</testsuite> <!-- AutomationTasks.NewTest -->
